C:\Program Files (x86)\MSBuild\Microsoft.Cpp\v4.0\V140\Microsoft.CppBuild.targets(392,5): warning MSB8028: The intermediate directory (Debug\) contains files shared from another project (unitycork.vcxproj).  This can lead to incorrect clean and rebuild behavior.
  dllmain.cpp
  timer.cpp
c:\users\lionel\code\cork\src\util\timer.cpp(34): warning C4244: '=': conversion from '__time64_t' to 'long', possible loss of data
c:\users\lionel\code\cork\src\util\timer.cpp(33): warning C4996: '_ftime64': This function or variable may be unsafe. Consider using _ftime64_s instead. To disable deprecation, use _CRT_SECURE_NO_WARNINGS. See online help for details.
  c:\program files (x86)\windows kits\10\include\10.0.10240.0\ucrt\sys\timeb.h(76): note: see declaration of '_ftime64'
  log.cpp
c:\users\lionel\code\cork\src\util\log.cpp(44): warning C4996: 'ctime': This function or variable may be unsafe. Consider using ctime_s instead. To disable deprecation, use _CRT_SECURE_NO_WARNINGS. See online help for details.
  c:\program files (x86)\windows kits\10\include\10.0.10240.0\ucrt\time.h(475): note: see declaration of 'ctime'
c:\users\lionel\code\cork\src\util\log.cpp(55): warning C4996: 'ctime': This function or variable may be unsafe. Consider using ctime_s instead. To disable deprecation, use _CRT_SECURE_NO_WARNINGS. See online help for details.
  c:\program files (x86)\windows kits\10\include\10.0.10240.0\ucrt\time.h(475): note: see declaration of 'ctime'
  main.cpp
c:\users\lionel\code\cork\src\main.cpp(62): warning C4244: '=': conversion from 'const double' to 'float', possible loss of data
c:\users\lionel\code\cork\src\main.cpp(63): warning C4244: '=': conversion from 'const double' to 'float', possible loss of data
c:\users\lionel\code\cork\src\main.cpp(64): warning C4244: '=': conversion from 'const double' to 'float', possible loss of data
  quantization.cpp
  empty3d.cpp
c:\users\lionel\code\cork\win\dllcork\packages\libgmp_vc120.5.1.3.2\build\native\include\mpirxx.h(118): warning C4146: unary minus operator applied to unsigned type, result still unsigned
c:\users\lionel\code\cork\win\dllcork\packages\libgmp_vc120.5.1.3.2\build\native\include\mpirxx.h(164): warning C4146: unary minus operator applied to unsigned type, result still unsigned
c:\users\lionel\code\cork\win\dllcork\packages\libgmp_vc120.5.1.3.2\build\native\include\mpirxx.h(215): warning C4146: unary minus operator applied to unsigned type, result still unsigned
c:\users\lionel\code\cork\win\dllcork\packages\libgmp_vc120.5.1.3.2\build\native\include\mpirxx.h(288): warning C4146: unary minus operator applied to unsigned type, result still unsigned
c:\users\lionel\code\cork\win\dllcork\packages\libgmp_vc120.5.1.3.2\build\native\include\mpirxx.h(332): warning C4146: unary minus operator applied to unsigned type, result still unsigned
c:\users\lionel\code\cork\win\dllcork\packages\libgmp_vc120.5.1.3.2\build\native\include\mpirxx.h(340): warning C4146: unary minus operator applied to unsigned type, result still unsigned
c:\users\lionel\code\cork\win\dllcork\packages\libgmp_vc120.5.1.3.2\build\native\include\mpirxx.h(377): warning C4146: unary minus operator applied to unsigned type, result still unsigned
c:\users\lionel\code\cork\win\dllcork\packages\libgmp_vc120.5.1.3.2\build\native\include\mpirxx.h(424): warning C4146: unary minus operator applied to unsigned type, result still unsigned
c:\users\lionel\code\cork\win\dllcork\packages\libgmp_vc120.5.1.3.2\build\native\include\mpirxx.h(431): warning C4146: unary minus operator applied to unsigned type, result still unsigned
c:\users\lionel\code\cork\win\dllcork\packages\libgmp_vc120.5.1.3.2\build\native\include\mpirxx.h(459): warning C4146: unary minus operator applied to unsigned type, result still unsigned
c:\users\lionel\code\cork\win\dllcork\packages\libgmp_vc120.5.1.3.2\build\native\include\mpirxx.h(544): warning C4146: unary minus operator applied to unsigned type, result still unsigned
c:\users\lionel\code\cork\win\dllcork\packages\libgmp_vc120.5.1.3.2\build\native\include\mpirxx.h(592): warning C4146: unary minus operator applied to unsigned type, result still unsigned
c:\users\lionel\code\cork\win\dllcork\packages\libgmp_vc120.5.1.3.2\build\native\include\mpirxx.h(628): warning C4146: unary minus operator applied to unsigned type, result still unsigned
c:\users\lionel\code\cork\win\dllcork\packages\libgmp_vc120.5.1.3.2\build\native\include\mpirxx.h(696): warning C4146: unary minus operator applied to unsigned type, result still unsigned
c:\users\lionel\code\cork\win\dllcork\packages\libgmp_vc120.5.1.3.2\build\native\include\mpirxx.h(741): warning C4146: unary minus operator applied to unsigned type, result still unsigned
c:\users\lionel\code\cork\win\dllcork\packages\libgmp_vc120.5.1.3.2\build\native\include\mpirxx.h(783): warning C4146: unary minus operator applied to unsigned type, result still unsigned
c:\users\lionel\code\cork\win\dllcork\packages\libgmp_vc120.5.1.3.2\build\native\include\mpirxx.h(793): warning C4146: unary minus operator applied to unsigned type, result still unsigned
  off.cpp
  ifs.cpp
c:\users\lionel\code\cork\src\file_formats\ifs.cpp(141): warning C4244: 'argument': conversion from 'const double' to 'Files::`anonymous-namespace'::float32', possible loss of data
c:\users\lionel\code\cork\src\file_formats\ifs.cpp(142): warning C4244: 'argument': conversion from 'const double' to 'Files::`anonymous-namespace'::float32', possible loss of data
c:\users\lionel\code\cork\src\file_formats\ifs.cpp(143): warning C4244: 'argument': conversion from 'const double' to 'Files::`anonymous-namespace'::float32', possible loss of data
  files.cpp
  cork.cpp
c:\users\lionel\code\cork\src\cork.cpp(173): warning C4244: '=': conversion from 'double' to 'float', possible loss of data
c:\users\lionel\code\cork\src\cork.cpp(174): warning C4244: '=': conversion from 'double' to 'float', possible loss of data
c:\users\lionel\code\cork\src\cork.cpp(175): warning C4244: '=': conversion from 'double' to 'float', possible loss of data
c:\users\lionel\code\cork\src\mesh\mesh.isct.tpp(512): warning C4244: 'argument': conversion from '__int64' to 'uint', possible loss of data
  c:\users\lionel\code\cork\src\mesh\mesh.isct.tpp(346): note: while compiling class template member function 'void Mesh<CorkVertex,CorkTriangle>::TriangleProblem::subdivide(Mesh<CorkVertex,CorkTriangle>::IsctProblem *)'
  c:\users\lionel\code\cork\src\mesh\mesh.isct.tpp(1402): note: see reference to function template instantiation 'void Mesh<CorkVertex,CorkTriangle>::TriangleProblem::subdivide(Mesh<CorkVertex,CorkTriangle>::IsctProblem *)' being compiled
  c:\users\lionel\code\cork\src\util\iterpool.h(75): note: see reference to class template instantiation 'Mesh<CorkVertex,CorkTriangle>::TriangleProblem' being compiled
  c:\users\lionel\code\cork\src\util\iterpool.h(72): note: while compiling class template member function 'IterPool<Mesh<CorkVertex,CorkTriangle>::TriangleProblem>::~IterPool(void)'
  c:\users\lionel\code\cork\src\mesh\mesh.isct.tpp(648): note: see reference to function template instantiation 'IterPool<Mesh<CorkVertex,CorkTriangle>::TriangleProblem>::~IterPool(void)' being compiled
  c:\users\lionel\code\cork\src\mesh\mesh.isct.tpp(826): note: see reference to class template instantiation 'IterPool<Mesh<CorkVertex,CorkTriangle>::TriangleProblem>' being compiled
  c:\users\lionel\code\cork\src\mesh\mesh.isct.tpp(1505): note: see reference to class template instantiation 'Mesh<CorkVertex,CorkTriangle>::IsctProblem' being compiled
  c:\users\lionel\code\cork\src\mesh\mesh.isct.tpp(1504): note: while compiling class template member function 'void Mesh<CorkVertex,CorkTriangle>::resolveIntersections(void)'
  c:\users\lionel\code\cork\src\cork.cpp(256): note: see reference to function template instantiation 'void Mesh<CorkVertex,CorkTriangle>::resolveIntersections(void)' being compiled
  c:\users\lionel\code\cork\src\cork.cpp(121): note: see reference to class template instantiation 'Mesh<CorkVertex,CorkTriangle>' being compiled
c:\users\lionel\code\cork\src\mesh\mesh.isct.tpp(513): warning C4244: 'argument': conversion from '__int64' to 'uint', possible loss of data
c:\users\lionel\code\cork\src\mesh\mesh.isct.tpp(514): warning C4244: 'argument': conversion from '__int64' to 'uint', possible loss of data
  Generating Code...
  triangle.c
c:\users\lionel\code\cork\src\isct\triangle.c(1418): warning C4244: 'function': conversion from '__int64' to 'int', possible loss of data
c:\users\lionel\code\cork\src\isct\triangle.c(1431): warning C4244: 'function': conversion from '__int64' to 'size_t', possible loss of data
c:\users\lionel\code\cork\src\isct\triangle.c(3298): warning C4101: 'k': unreferenced local variable
c:\users\lionel\code\cork\src\isct\triangle.c(3299): warning C4101: 'workstring': unreferenced local variable
c:\users\lionel\code\cork\src\isct\triangle.c(3677): warning C4477: 'printf' : format string '%lx' requires an argument of type 'unsigned long', but variadic argument 1 has type '__int64'
  c:\users\lionel\code\cork\src\isct\triangle.c(3677): note: consider using '%llx' in the format string
  c:\users\lionel\code\cork\src\isct\triangle.c(3677): note: consider using '%I64x' in the format string
c:\users\lionel\code\cork\src\isct\triangle.c(3677): warning C4477: 'printf' : format string '%d' requires an argument of type 'int', but variadic argument 2 has type '__int64'
  c:\users\lionel\code\cork\src\isct\triangle.c(3677): note: consider using '%lld' in the format string
  c:\users\lionel\code\cork\src\isct\triangle.c(3677): note: consider using '%I64d' in the format string
c:\users\lionel\code\cork\src\isct\triangle.c(3683): warning C4477: 'printf' : format string '%lx' requires an argument of type 'unsigned long', but variadic argument 1 has type '__int64'
  c:\users\lionel\code\cork\src\isct\triangle.c(3683): note: consider using '%llx' in the format string
  c:\users\lionel\code\cork\src\isct\triangle.c(3683): note: consider using '%I64x' in the format string
c:\users\lionel\code\cork\src\isct\triangle.c(3683): warning C4477: 'printf' : format string '%d' requires an argument of type 'int', but variadic argument 2 has type '__int64'
  c:\users\lionel\code\cork\src\isct\triangle.c(3683): note: consider using '%lld' in the format string
  c:\users\lionel\code\cork\src\isct\triangle.c(3683): note: consider using '%I64d' in the format string
c:\users\lionel\code\cork\src\isct\triangle.c(3690): warning C4477: 'printf' : format string '%lx' requires an argument of type 'unsigned long', but variadic argument 1 has type '__int64'
  c:\users\lionel\code\cork\src\isct\triangle.c(3690): note: consider using '%llx' in the format string
  c:\users\lionel\code\cork\src\isct\triangle.c(3690): note: consider using '%I64x' in the format string
c:\users\lionel\code\cork\src\isct\triangle.c(3690): warning C4477: 'printf' : format string '%d' requires an argument of type 'int', but variadic argument 2 has type '__int64'
  c:\users\lionel\code\cork\src\isct\triangle.c(3690): note: consider using '%lld' in the format string
  c:\users\lionel\code\cork\src\isct\triangle.c(3690): note: consider using '%I64d' in the format string
c:\users\lionel\code\cork\src\isct\triangle.c(3697): warning C4477: 'printf' : format string '%lx' requires an argument of type 'unsigned long', but variadic argument 1 has type '__int64'
  c:\users\lionel\code\cork\src\isct\triangle.c(3697): note: consider using '%llx' in the format string
  c:\users\lionel\code\cork\src\isct\triangle.c(3697): note: consider using '%I64x' in the format string
c:\users\lionel\code\cork\src\isct\triangle.c(3697): warning C4477: 'printf' : format string '%d' requires an argument of type 'int', but variadic argument 2 has type '__int64'
  c:\users\lionel\code\cork\src\isct\triangle.c(3697): note: consider using '%lld' in the format string
  c:\users\lionel\code\cork\src\isct\triangle.c(3697): note: consider using '%I64d' in the format string
c:\users\lionel\code\cork\src\isct\triangle.c(3703): warning C4477: 'printf' : format string '%d' requires an argument of type 'int', but variadic argument 1 has type '__int64'
  c:\users\lionel\code\cork\src\isct\triangle.c(3703): note: consider using '%lld' in the format string
  c:\users\lionel\code\cork\src\isct\triangle.c(3703): note: consider using '%I64d' in the format string
c:\users\lionel\code\cork\src\isct\triangle.c(3705): warning C4477: 'printf' : format string '%d' requires an argument of type 'int', but variadic argument 1 has type '__int64'
  c:\users\lionel\code\cork\src\isct\triangle.c(3705): note: consider using '%lld' in the format string
  c:\users\lionel\code\cork\src\isct\triangle.c(3705): note: consider using '%I64d' in the format string
c:\users\lionel\code\cork\src\isct\triangle.c(3705): warning C4477: 'printf' : format string '%lx' requires an argument of type 'unsigned long', but variadic argument 2 has type '__int64'
  c:\users\lionel\code\cork\src\isct\triangle.c(3705): note: consider using '%llx' in the format string
  c:\users\lionel\code\cork\src\isct\triangle.c(3705): note: consider using '%I64x' in the format string
c:\users\lionel\code\cork\src\isct\triangle.c(3710): warning C4477: 'printf' : format string '%d' requires an argument of type 'int', but variadic argument 1 has type '__int64'
  c:\users\lionel\code\cork\src\isct\triangle.c(3710): note: consider using '%lld' in the format string
  c:\users\lionel\code\cork\src\isct\triangle.c(3710): note: consider using '%I64d' in the format string
c:\users\lionel\code\cork\src\isct\triangle.c(3712): warning C4477: 'printf' : format string '%d' requires an argument of type 'int', but variadic argument 1 has type '__int64'
  c:\users\lionel\code\cork\src\isct\triangle.c(3712): note: consider using '%lld' in the format string
  c:\users\lionel\code\cork\src\isct\triangle.c(3712): note: consider using '%I64d' in the format string
c:\users\lionel\code\cork\src\isct\triangle.c(3712): warning C4477: 'printf' : format string '%lx' requires an argument of type 'unsigned long', but variadic argument 2 has type '__int64'
  c:\users\lionel\code\cork\src\isct\triangle.c(3712): note: consider using '%llx' in the format string
  c:\users\lionel\code\cork\src\isct\triangle.c(3712): note: consider using '%I64x' in the format string
c:\users\lionel\code\cork\src\isct\triangle.c(3717): warning C4477: 'printf' : format string '%d' requires an argument of type 'int', but variadic argument 1 has type '__int64'
  c:\users\lionel\code\cork\src\isct\triangle.c(3717): note: consider using '%lld' in the format string
  c:\users\lionel\code\cork\src\isct\triangle.c(3717): note: consider using '%I64d' in the format string
c:\users\lionel\code\cork\src\isct\triangle.c(3719): warning C4477: 'printf' : format string '%d' requires an argument of type 'int', but variadic argument 1 has type '__int64'
  c:\users\lionel\code\cork\src\isct\triangle.c(3719): note: consider using '%lld' in the format string
  c:\users\lionel\code\cork\src\isct\triangle.c(3719): note: consider using '%I64d' in the format string
c:\users\lionel\code\cork\src\isct\triangle.c(3719): warning C4477: 'printf' : format string '%lx' requires an argument of type 'unsigned long', but variadic argument 2 has type '__int64'
  c:\users\lionel\code\cork\src\isct\triangle.c(3719): note: consider using '%llx' in the format string
  c:\users\lionel\code\cork\src\isct\triangle.c(3719): note: consider using '%I64x' in the format string
c:\users\lionel\code\cork\src\isct\triangle.c(3726): warning C4477: 'printf' : format string '%lx' requires an argument of type 'unsigned long', but variadic argument 1 has type '__int64'
  c:\users\lionel\code\cork\src\isct\triangle.c(3726): note: consider using '%llx' in the format string
  c:\users\lionel\code\cork\src\isct\triangle.c(3726): note: consider using '%I64x' in the format string
c:\users\lionel\code\cork\src\isct\triangle.c(3726): warning C4477: 'printf' : format string '%d' requires an argument of type 'int', but variadic argument 2 has type '__int64'
  c:\users\lionel\code\cork\src\isct\triangle.c(3726): note: consider using '%lld' in the format string
  c:\users\lionel\code\cork\src\isct\triangle.c(3726): note: consider using '%I64d' in the format string
c:\users\lionel\code\cork\src\isct\triangle.c(3731): warning C4477: 'printf' : format string '%lx' requires an argument of type 'unsigned long', but variadic argument 1 has type '__int64'
  c:\users\lionel\code\cork\src\isct\triangle.c(3731): note: consider using '%llx' in the format string
  c:\users\lionel\code\cork\src\isct\triangle.c(3731): note: consider using '%I64x' in the format string
c:\users\lionel\code\cork\src\isct\triangle.c(3731): warning C4477: 'printf' : format string '%d' requires an argument of type 'int', but variadic argument 2 has type '__int64'
  c:\users\lionel\code\cork\src\isct\triangle.c(3731): note: consider using '%lld' in the format string
  c:\users\lionel\code\cork\src\isct\triangle.c(3731): note: consider using '%I64d' in the format string
c:\users\lionel\code\cork\src\isct\triangle.c(3736): warning C4477: 'printf' : format string '%lx' requires an argument of type 'unsigned long', but variadic argument 1 has type '__int64'
  c:\users\lionel\code\cork\src\isct\triangle.c(3736): note: consider using '%llx' in the format string
  c:\users\lionel\code\cork\src\isct\triangle.c(3736): note: consider using '%I64x' in the format string
c:\users\lionel\code\cork\src\isct\triangle.c(3736): warning C4477: 'printf' : format string '%d' requires an argument of type 'int', but variadic argument 2 has type '__int64'
  c:\users\lionel\code\cork\src\isct\triangle.c(3736): note: consider using '%lld' in the format string
  c:\users\lionel\code\cork\src\isct\triangle.c(3736): note: consider using '%I64d' in the format string
c:\users\lionel\code\cork\src\isct\triangle.c(3771): warning C4477: 'printf' : format string '%lx' requires an argument of type 'unsigned long', but variadic argument 1 has type '__int64'
  c:\users\lionel\code\cork\src\isct\triangle.c(3771): note: consider using '%llx' in the format string
  c:\users\lionel\code\cork\src\isct\triangle.c(3771): note: consider using '%I64x' in the format string
c:\users\lionel\code\cork\src\isct\triangle.c(3771): warning C4477: 'printf' : format string '%d' requires an argument of type 'int', but variadic argument 2 has type '__int64'
  c:\users\lionel\code\cork\src\isct\triangle.c(3771): note: consider using '%lld' in the format string
  c:\users\lionel\code\cork\src\isct\triangle.c(3771): note: consider using '%I64d' in the format string
c:\users\lionel\code\cork\src\isct\triangle.c(3771): warning C4477: 'printf' : format string '%d' requires an argument of type 'int', but variadic argument 3 has type '__int64'
  c:\users\lionel\code\cork\src\isct\triangle.c(3771): note: consider using '%lld' in the format string
  c:\users\lionel\code\cork\src\isct\triangle.c(3771): note: consider using '%I64d' in the format string
c:\users\lionel\code\cork\src\isct\triangle.c(3777): warning C4477: 'printf' : format string '%lx' requires an argument of type 'unsigned long', but variadic argument 1 has type '__int64'
  c:\users\lionel\code\cork\src\isct\triangle.c(3777): note: consider using '%llx' in the format string
  c:\users\lionel\code\cork\src\isct\triangle.c(3777): note: consider using '%I64x' in the format string
c:\users\lionel\code\cork\src\isct\triangle.c(3777): warning C4477: 'printf' : format string '%d' requires an argument of type 'int', but variadic argument 2 has type '__int64'
  c:\users\lionel\code\cork\src\isct\triangle.c(3777): note: consider using '%lld' in the format string
  c:\users\lionel\code\cork\src\isct\triangle.c(3777): note: consider using '%I64d' in the format string
c:\users\lionel\code\cork\src\isct\triangle.c(3784): warning C4477: 'printf' : format string '%lx' requires an argument of type 'unsigned long', but variadic argument 1 has type '__int64'
  c:\users\lionel\code\cork\src\isct\triangle.c(3784): note: consider using '%llx' in the format string
  c:\users\lionel\code\cork\src\isct\triangle.c(3784): note: consider using '%I64x' in the format string
c:\users\lionel\code\cork\src\isct\triangle.c(3784): warning C4477: 'printf' : format string '%d' requires an argument of type 'int', but variadic argument 2 has type '__int64'
  c:\users\lionel\code\cork\src\isct\triangle.c(3784): note: consider using '%lld' in the format string
  c:\users\lionel\code\cork\src\isct\triangle.c(3784): note: consider using '%I64d' in the format string
c:\users\lionel\code\cork\src\isct\triangle.c(3790): warning C4477: 'printf' : format string '%d' requires an argument of type 'int', but variadic argument 1 has type '__int64'
  c:\users\lionel\code\cork\src\isct\triangle.c(3790): note: consider using '%lld' in the format string
  c:\users\lionel\code\cork\src\isct\triangle.c(3790): note: consider using '%I64d' in the format string
c:\users\lionel\code\cork\src\isct\triangle.c(3792): warning C4477: 'printf' : format string '%d' requires an argument of type 'int', but variadic argument 1 has type '__int64'
  c:\users\lionel\code\cork\src\isct\triangle.c(3792): note: consider using '%lld' in the format string
  c:\users\lionel\code\cork\src\isct\triangle.c(3792): note: consider using '%I64d' in the format string
c:\users\lionel\code\cork\src\isct\triangle.c(3792): warning C4477: 'printf' : format string '%lx' requires an argument of type 'unsigned long', but variadic argument 2 has type '__int64'
  c:\users\lionel\code\cork\src\isct\triangle.c(3792): note: consider using '%llx' in the format string
  c:\users\lionel\code\cork\src\isct\triangle.c(3792): note: consider using '%I64x' in the format string
c:\users\lionel\code\cork\src\isct\triangle.c(3797): warning C4477: 'printf' : format string '%d' requires an argument of type 'int', but variadic argument 1 has type '__int64'
  c:\users\lionel\code\cork\src\isct\triangle.c(3797): note: consider using '%lld' in the format string
  c:\users\lionel\code\cork\src\isct\triangle.c(3797): note: consider using '%I64d' in the format string
c:\users\lionel\code\cork\src\isct\triangle.c(3799): warning C4477: 'printf' : format string '%d' requires an argument of type 'int', but variadic argument 1 has type '__int64'
  c:\users\lionel\code\cork\src\isct\triangle.c(3799): note: consider using '%lld' in the format string
  c:\users\lionel\code\cork\src\isct\triangle.c(3799): note: consider using '%I64d' in the format string
c:\users\lionel\code\cork\src\isct\triangle.c(3799): warning C4477: 'printf' : format string '%lx' requires an argument of type 'unsigned long', but variadic argument 2 has type '__int64'
  c:\users\lionel\code\cork\src\isct\triangle.c(3799): note: consider using '%llx' in the format string
  c:\users\lionel\code\cork\src\isct\triangle.c(3799): note: consider using '%I64x' in the format string
c:\users\lionel\code\cork\src\isct\triangle.c(3807): warning C4477: 'printf' : format string '%lx' requires an argument of type 'unsigned long', but variadic argument 1 has type '__int64'
  c:\users\lionel\code\cork\src\isct\triangle.c(3807): note: consider using '%llx' in the format string
  c:\users\lionel\code\cork\src\isct\triangle.c(3807): note: consider using '%I64x' in the format string
c:\users\lionel\code\cork\src\isct\triangle.c(3807): warning C4477: 'printf' : format string '%d' requires an argument of type 'int', but variadic argument 2 has type '__int64'
  c:\users\lionel\code\cork\src\isct\triangle.c(3807): note: consider using '%lld' in the format string
  c:\users\lionel\code\cork\src\isct\triangle.c(3807): note: consider using '%I64d' in the format string
c:\users\lionel\code\cork\src\isct\triangle.c(3814): warning C4477: 'printf' : format string '%lx' requires an argument of type 'unsigned long', but variadic argument 1 has type '__int64'
  c:\users\lionel\code\cork\src\isct\triangle.c(3814): note: consider using '%llx' in the format string
  c:\users\lionel\code\cork\src\isct\triangle.c(3814): note: consider using '%I64x' in the format string
c:\users\lionel\code\cork\src\isct\triangle.c(3814): warning C4477: 'printf' : format string '%d' requires an argument of type 'int', but variadic argument 2 has type '__int64'
  c:\users\lionel\code\cork\src\isct\triangle.c(3814): note: consider using '%lld' in the format string
  c:\users\lionel\code\cork\src\isct\triangle.c(3814): note: consider using '%I64d' in the format string
c:\users\lionel\code\cork\src\isct\triangle.c(3820): warning C4477: 'printf' : format string '%d' requires an argument of type 'int', but variadic argument 1 has type '__int64'
  c:\users\lionel\code\cork\src\isct\triangle.c(3820): note: consider using '%lld' in the format string
  c:\users\lionel\code\cork\src\isct\triangle.c(3820): note: consider using '%I64d' in the format string
c:\users\lionel\code\cork\src\isct\triangle.c(3822): warning C4477: 'printf' : format string '%d' requires an argument of type 'int', but variadic argument 1 has type '__int64'
  c:\users\lionel\code\cork\src\isct\triangle.c(3822): note: consider using '%lld' in the format string
  c:\users\lionel\code\cork\src\isct\triangle.c(3822): note: consider using '%I64d' in the format string
c:\users\lionel\code\cork\src\isct\triangle.c(3822): warning C4477: 'printf' : format string '%lx' requires an argument of type 'unsigned long', but variadic argument 2 has type '__int64'
  c:\users\lionel\code\cork\src\isct\triangle.c(3822): note: consider using '%llx' in the format string
  c:\users\lionel\code\cork\src\isct\triangle.c(3822): note: consider using '%I64x' in the format string
c:\users\lionel\code\cork\src\isct\triangle.c(3827): warning C4477: 'printf' : format string '%d' requires an argument of type 'int', but variadic argument 1 has type '__int64'
  c:\users\lionel\code\cork\src\isct\triangle.c(3827): note: consider using '%lld' in the format string
  c:\users\lionel\code\cork\src\isct\triangle.c(3827): note: consider using '%I64d' in the format string
c:\users\lionel\code\cork\src\isct\triangle.c(3829): warning C4477: 'printf' : format string '%d' requires an argument of type 'int', but variadic argument 1 has type '__int64'
  c:\users\lionel\code\cork\src\isct\triangle.c(3829): note: consider using '%lld' in the format string
  c:\users\lionel\code\cork\src\isct\triangle.c(3829): note: consider using '%I64d' in the format string
c:\users\lionel\code\cork\src\isct\triangle.c(3829): warning C4477: 'printf' : format string '%lx' requires an argument of type 'unsigned long', but variadic argument 2 has type '__int64'
  c:\users\lionel\code\cork\src\isct\triangle.c(3829): note: consider using '%llx' in the format string
  c:\users\lionel\code\cork\src\isct\triangle.c(3829): note: consider using '%I64x' in the format string
c:\users\lionel\code\cork\src\isct\triangle.c(9765): warning C4477: 'printf' : format string '%d' requires an argument of type 'int', but variadic argument 1 has type '__int64'
  c:\users\lionel\code\cork\src\isct\triangle.c(9765): note: consider using '%lld' in the format string
  c:\users\lionel\code\cork\src\isct\triangle.c(9765): note: consider using '%I64d' in the format string
c:\users\lionel\code\cork\src\isct\triangle.c(9899): warning C4477: 'printf' : format string '%d' requires an argument of type 'int', but variadic argument 1 has type '__int64'
  c:\users\lionel\code\cork\src\isct\triangle.c(9899): note: consider using '%lld' in the format string
  c:\users\lionel\code\cork\src\isct\triangle.c(9899): note: consider using '%I64d' in the format string
c:\users\lionel\code\cork\src\isct\triangle.c(9899): warning C4477: 'printf' : format string '%d' requires an argument of type 'int', but variadic argument 2 has type '__int64'
  c:\users\lionel\code\cork\src\isct\triangle.c(9899): note: consider using '%lld' in the format string
  c:\users\lionel\code\cork\src\isct\triangle.c(9899): note: consider using '%I64d' in the format string
c:\users\lionel\code\cork\src\isct\triangle.c(12453): warning C4996: 'strcpy': This function or variable may be unsafe. Consider using strcpy_s instead. To disable deprecation, use _CRT_SECURE_NO_WARNINGS. See online help for details.
  c:\program files (x86)\windows kits\10\include\10.0.10240.0\ucrt\string.h(119): note: see declaration of 'strcpy'
c:\users\lionel\code\cork\src\isct\triangle.c(12523): warning C4477: 'printf' : format string '%d' requires an argument of type 'int', but variadic argument 1 has type '__int64'
  c:\users\lionel\code\cork\src\isct\triangle.c(12523): note: consider using '%lld' in the format string
  c:\users\lionel\code\cork\src\isct\triangle.c(12523): note: consider using '%I64d' in the format string
c:\users\lionel\code\cork\src\isct\triangle.c(12529): warning C4477: 'printf' : format string '%d' requires an argument of type 'int', but variadic argument 1 has type '__int64'
  c:\users\lionel\code\cork\src\isct\triangle.c(12529): note: consider using '%lld' in the format string
  c:\users\lionel\code\cork\src\isct\triangle.c(12529): note: consider using '%I64d' in the format string
c:\users\lionel\code\cork\src\isct\triangle.c(12538): warning C4477: 'printf' : format string '%d' requires an argument of type 'int', but variadic argument 1 has type '__int64'
  c:\users\lionel\code\cork\src\isct\triangle.c(12538): note: consider using '%lld' in the format string
  c:\users\lionel\code\cork\src\isct\triangle.c(12538): note: consider using '%I64d' in the format string
c:\users\lionel\code\cork\src\isct\triangle.c(15516): warning C4477: 'printf' : format string '%8d' requires an argument of type 'int', but variadic argument 2 has type '__int64'
  c:\users\lionel\code\cork\src\isct\triangle.c(15516): note: consider using '%lld' in the format string
  c:\users\lionel\code\cork\src\isct\triangle.c(15516): note: consider using '%I64d' in the format string
c:\users\lionel\code\cork\src\isct\triangle.c(15516): warning C4477: 'printf' : format string '%8d' requires an argument of type 'int', but variadic argument 5 has type '__int64'
  c:\users\lionel\code\cork\src\isct\triangle.c(15516): note: consider using '%lld' in the format string
  c:\users\lionel\code\cork\src\isct\triangle.c(15516): note: consider using '%I64d' in the format string
c:\users\lionel\code\cork\src\isct\triangle.c(15520): warning C4477: 'printf' : format string '%8d' requires an argument of type 'int', but variadic argument 3 has type '__int64'
  c:\users\lionel\code\cork\src\isct\triangle.c(15520): note: consider using '%lld' in the format string
  c:\users\lionel\code\cork\src\isct\triangle.c(15520): note: consider using '%I64d' in the format string
c:\users\lionel\code\cork\src\isct\triangle.c(15520): warning C4477: 'printf' : format string '%8d' requires an argument of type 'int', but variadic argument 6 has type '__int64'
  c:\users\lionel\code\cork\src\isct\triangle.c(15520): note: consider using '%lld' in the format string
  c:\users\lionel\code\cork\src\isct\triangle.c(15520): note: consider using '%I64d' in the format string
c:\users\lionel\code\cork\src\isct\triangle.c(15524): warning C4477: 'printf' : format string '%8d' requires an argument of type 'int', but variadic argument 3 has type '__int64'
  c:\users\lionel\code\cork\src\isct\triangle.c(15524): note: consider using '%lld' in the format string
  c:\users\lionel\code\cork\src\isct\triangle.c(15524): note: consider using '%I64d' in the format string
c:\users\lionel\code\cork\src\isct\triangle.c(15524): warning C4477: 'printf' : format string '%8d' requires an argument of type 'int', but variadic argument 5 has type '__int64'
  c:\users\lionel\code\cork\src\isct\triangle.c(15524): note: consider using '%lld' in the format string
  c:\users\lionel\code\cork\src\isct\triangle.c(15524): note: consider using '%I64d' in the format string
c:\users\lionel\code\cork\src\isct\triangle.c(15534): warning C4477: 'printf' : format string '%3d' requires an argument of type 'int', but variadic argument 1 has type '__int64'
  c:\users\lionel\code\cork\src\isct\triangle.c(15534): note: consider using '%lld' in the format string
  c:\users\lionel\code\cork\src\isct\triangle.c(15534): note: consider using '%I64d' in the format string
c:\users\lionel\code\cork\src\isct\triangle.c(15534): warning C4477: 'printf' : format string '%3d' requires an argument of type 'int', but variadic argument 2 has type '__int64'
  c:\users\lionel\code\cork\src\isct\triangle.c(15534): note: consider using '%lld' in the format string
  c:\users\lionel\code\cork\src\isct\triangle.c(15534): note: consider using '%I64d' in the format string
c:\users\lionel\code\cork\src\isct\triangle.c(15534): warning C4477: 'printf' : format string '%8d' requires an argument of type 'int', but variadic argument 3 has type '__int64'
  c:\users\lionel\code\cork\src\isct\triangle.c(15534): note: consider using '%lld' in the format string
  c:\users\lionel\code\cork\src\isct\triangle.c(15534): note: consider using '%I64d' in the format string
c:\users\lionel\code\cork\src\isct\triangle.c(15534): warning C4477: 'printf' : format string '%3d' requires an argument of type 'int', but variadic argument 4 has type '__int64'
  c:\users\lionel\code\cork\src\isct\triangle.c(15534): note: consider using '%lld' in the format string
  c:\users\lionel\code\cork\src\isct\triangle.c(15534): note: consider using '%I64d' in the format string
c:\users\lionel\code\cork\src\isct\triangle.c(15534): warning C4477: 'printf' : format string '%3d' requires an argument of type 'int', but variadic argument 5 has type '__int64'
  c:\users\lionel\code\cork\src\isct\triangle.c(15534): note: consider using '%lld' in the format string
  c:\users\lionel\code\cork\src\isct\triangle.c(15534): note: consider using '%I64d' in the format string
c:\users\lionel\code\cork\src\isct\triangle.c(15534): warning C4477: 'printf' : format string '%8d' requires an argument of type 'int', but variadic argument 6 has type '__int64'
  c:\users\lionel\code\cork\src\isct\triangle.c(15534): note: consider using '%lld' in the format string
  c:\users\lionel\code\cork\src\isct\triangle.c(15534): note: consider using '%I64d' in the format string
c:\users\lionel\code\cork\src\isct\triangle.c(15557): warning C4477: 'printf' : format string '%d' requires an argument of type 'int', but variadic argument 1 has type '__int64'
  c:\users\lionel\code\cork\src\isct\triangle.c(15557): note: consider using '%lld' in the format string
  c:\users\lionel\code\cork\src\isct\triangle.c(15557): note: consider using '%I64d' in the format string
c:\users\lionel\code\cork\src\isct\triangle.c(15559): warning C4477: 'printf' : format string '%d' requires an argument of type 'int', but variadic argument 1 has type '__int64'
  c:\users\lionel\code\cork\src\isct\triangle.c(15559): note: consider using '%lld' in the format string
  c:\users\lionel\code\cork\src\isct\triangle.c(15559): note: consider using '%I64d' in the format string
c:\users\lionel\code\cork\src\isct\triangle.c(15562): warning C4477: 'printf' : format string '%d' requires an argument of type 'int', but variadic argument 1 has type '__int64'
  c:\users\lionel\code\cork\src\isct\triangle.c(15562): note: consider using '%lld' in the format string
  c:\users\lionel\code\cork\src\isct\triangle.c(15562): note: consider using '%I64d' in the format string
c:\users\lionel\code\cork\src\isct\triangle.c(15564): warning C4477: 'printf' : format string '%d' requires an argument of type 'int', but variadic argument 1 has type '__int64'
  c:\users\lionel\code\cork\src\isct\triangle.c(15564): note: consider using '%lld' in the format string
  c:\users\lionel\code\cork\src\isct\triangle.c(15564): note: consider using '%I64d' in the format string
c:\users\lionel\code\cork\src\isct\triangle.c(15568): warning C4477: 'printf' : format string '%ld' requires an argument of type 'long', but variadic argument 1 has type '__int64'
  c:\users\lionel\code\cork\src\isct\triangle.c(15568): note: consider using '%lld' in the format string
  c:\users\lionel\code\cork\src\isct\triangle.c(15568): note: consider using '%I64d' in the format string
c:\users\lionel\code\cork\src\isct\triangle.c(15569): warning C4477: 'printf' : format string '%ld' requires an argument of type 'long', but variadic argument 1 has type '__int64'
  c:\users\lionel\code\cork\src\isct\triangle.c(15569): note: consider using '%lld' in the format string
  c:\users\lionel\code\cork\src\isct\triangle.c(15569): note: consider using '%I64d' in the format string
c:\users\lionel\code\cork\src\isct\triangle.c(15570): warning C4477: 'printf' : format string '%ld' requires an argument of type 'long', but variadic argument 1 has type '__int64'
  c:\users\lionel\code\cork\src\isct\triangle.c(15570): note: consider using '%lld' in the format string
  c:\users\lionel\code\cork\src\isct\triangle.c(15570): note: consider using '%I64d' in the format string
c:\users\lionel\code\cork\src\isct\triangle.c(15571): warning C4477: 'printf' : format string '%ld' requires an argument of type 'long', but variadic argument 1 has type '__int64'
  c:\users\lionel\code\cork\src\isct\triangle.c(15571): note: consider using '%lld' in the format string
  c:\users\lionel\code\cork\src\isct\triangle.c(15571): note: consider using '%I64d' in the format string
c:\users\lionel\code\cork\src\isct\triangle.c(15573): warning C4477: 'printf' : format string '%ld' requires an argument of type 'long', but variadic argument 1 has type '__int64'
  c:\users\lionel\code\cork\src\isct\triangle.c(15573): note: consider using '%lld' in the format string
  c:\users\lionel\code\cork\src\isct\triangle.c(15573): note: consider using '%I64d' in the format string
c:\users\lionel\code\cork\src\isct\triangle.c(15575): warning C4477: 'printf' : format string '%ld' requires an argument of type 'long', but variadic argument 1 has type '__int64'
  c:\users\lionel\code\cork\src\isct\triangle.c(15575): note: consider using '%lld' in the format string
  c:\users\lionel\code\cork\src\isct\triangle.c(15575): note: consider using '%I64d' in the format string
c:\users\lionel\code\cork\src\isct\triangle.c(15583): warning C4477: 'printf' : format string '%ld' requires an argument of type 'long', but variadic argument 1 has type '__int64'
  c:\users\lionel\code\cork\src\isct\triangle.c(15583): note: consider using '%lld' in the format string
  c:\users\lionel\code\cork\src\isct\triangle.c(15583): note: consider using '%I64d' in the format string
c:\users\lionel\code\cork\src\isct\triangle.c(15584): warning C4477: 'printf' : format string '%ld' requires an argument of type 'long', but variadic argument 1 has type '__int64'
  c:\users\lionel\code\cork\src\isct\triangle.c(15584): note: consider using '%lld' in the format string
  c:\users\lionel\code\cork\src\isct\triangle.c(15584): note: consider using '%I64d' in the format string
c:\users\lionel\code\cork\src\isct\triangle.c(15586): warning C4477: 'printf' : format string '%ld' requires an argument of type 'long', but variadic argument 1 has type '__int64'
  c:\users\lionel\code\cork\src\isct\triangle.c(15586): note: consider using '%lld' in the format string
  c:\users\lionel\code\cork\src\isct\triangle.c(15586): note: consider using '%I64d' in the format string
c:\users\lionel\code\cork\src\isct\triangle.c(15589): warning C4477: 'printf' : format string '%ld' requires an argument of type 'long', but variadic argument 1 has type '__int64'
  c:\users\lionel\code\cork\src\isct\triangle.c(15589): note: consider using '%lld' in the format string
  c:\users\lionel\code\cork\src\isct\triangle.c(15589): note: consider using '%I64d' in the format string
c:\users\lionel\code\cork\src\isct\triangle.c(15592): warning C4477: 'printf' : format string '%ld' requires an argument of type 'long', but variadic argument 1 has type '__int64'
  c:\users\lionel\code\cork\src\isct\triangle.c(15592): note: consider using '%lld' in the format string
  c:\users\lionel\code\cork\src\isct\triangle.c(15592): note: consider using '%I64d' in the format string
c:\users\lionel\code\cork\src\isct\triangle.c(15596): warning C4477: 'printf' : format string '%ld' requires an argument of type 'long', but variadic argument 1 has type '__int64'
  c:\users\lionel\code\cork\src\isct\triangle.c(15596): note: consider using '%lld' in the format string
  c:\users\lionel\code\cork\src\isct\triangle.c(15596): note: consider using '%I64d' in the format string
c:\users\lionel\code\cork\src\isct\triangle.c(15600): warning C4477: 'printf' : format string '%ld' requires an argument of type 'long', but variadic argument 1 has type '__int64'
  c:\users\lionel\code\cork\src\isct\triangle.c(15600): note: consider using '%lld' in the format string
  c:\users\lionel\code\cork\src\isct\triangle.c(15600): note: consider using '%I64d' in the format string
c:\users\lionel\code\cork\src\isct\triangle.c(15604): warning C4477: 'printf' : format string '%ld' requires an argument of type 'long', but variadic argument 1 has type '__int64'
  c:\users\lionel\code\cork\src\isct\triangle.c(15604): note: consider using '%lld' in the format string
  c:\users\lionel\code\cork\src\isct\triangle.c(15604): note: consider using '%I64d' in the format string
c:\users\lionel\code\cork\src\isct\triangle.c(15607): warning C4477: 'printf' : format string '%ld' requires an argument of type 'long', but variadic argument 1 has type '__int64'
  c:\users\lionel\code\cork\src\isct\triangle.c(15607): note: consider using '%lld' in the format string
  c:\users\lionel\code\cork\src\isct\triangle.c(15607): note: consider using '%I64d' in the format string
c:\users\lionel\code\cork\src\isct\triangle.c(15619): warning C4477: 'printf' : format string '%ld' requires an argument of type 'long', but variadic argument 1 has type '__int64'
  c:\users\lionel\code\cork\src\isct\triangle.c(15619): note: consider using '%lld' in the format string
  c:\users\lionel\code\cork\src\isct\triangle.c(15619): note: consider using '%I64d' in the format string
c:\users\lionel\code\cork\src\isct\triangle.c(15621): warning C4477: 'printf' : format string '%ld' requires an argument of type 'long', but variadic argument 1 has type '__int64'
  c:\users\lionel\code\cork\src\isct\triangle.c(15621): note: consider using '%lld' in the format string
  c:\users\lionel\code\cork\src\isct\triangle.c(15621): note: consider using '%I64d' in the format string
c:\users\lionel\code\cork\src\isct\triangle.c(15623): warning C4477: 'printf' : format string '%ld' requires an argument of type 'long', but variadic argument 1 has type '__int64'
  c:\users\lionel\code\cork\src\isct\triangle.c(15623): note: consider using '%lld' in the format string
  c:\users\lionel\code\cork\src\isct\triangle.c(15623): note: consider using '%I64d' in the format string
c:\users\lionel\code\cork\src\isct\triangle.c(15625): warning C4477: 'printf' : format string '%ld' requires an argument of type 'long', but variadic argument 1 has type '__int64'
  c:\users\lionel\code\cork\src\isct\triangle.c(15625): note: consider using '%lld' in the format string
  c:\users\lionel\code\cork\src\isct\triangle.c(15625): note: consider using '%I64d' in the format string
c:\users\lionel\code\cork\src\isct\triangle.c(15629): warning C4477: 'printf' : format string '%ld' requires an argument of type 'long', but variadic argument 1 has type '__int64'
  c:\users\lionel\code\cork\src\isct\triangle.c(15629): note: consider using '%lld' in the format string
  c:\users\lionel\code\cork\src\isct\triangle.c(15629): note: consider using '%I64d' in the format string
c:\users\lionel\code\cork\src\isct\triangle.c(15633): warning C4477: 'printf' : format string '%ld' requires an argument of type 'long', but variadic argument 1 has type '__int64'
  c:\users\lionel\code\cork\src\isct\triangle.c(15633): note: consider using '%lld' in the format string
  c:\users\lionel\code\cork\src\isct\triangle.c(15633): note: consider using '%I64d' in the format string
c:\users\lionel\code\cork\src\isct\triangle.c(15858): warning C4244: '=': conversion from '__int64' to 'int', possible loss of data
c:\users\lionel\code\cork\src\isct\triangle.c(15860): warning C4244: '=': conversion from '__int64' to 'int', possible loss of data
c:\users\lionel\code\cork\src\isct\triangle.c(15862): warning C4244: '=': conversion from '__int64' to 'int', possible loss of data
c:\users\lionel\code\cork\src\isct\triangle.c(15863): warning C4244: '=': conversion from '__int64' to 'int', possible loss of data
c:\users\lionel\code\cork\src\isct\triangle.c(15864): warning C4244: '=': conversion from '__int64' to 'int', possible loss of data
c:\users\lionel\code\cork\src\isct\triangle.c(15865): warning C4244: '=': conversion from '__int64' to 'int', possible loss of data
c:\users\lionel\code\cork\src\isct\triangle.c(15866): warning C4244: '=': conversion from '__int64' to 'int', possible loss of data
c:\users\lionel\code\cork\src\isct\triangle.c(15868): warning C4244: '=': conversion from '__int64' to 'int', possible loss of data
c:\users\lionel\code\cork\src\isct\triangle.c(15870): warning C4244: '=': conversion from '__int64' to 'int', possible loss of data
c:\users\lionel\code\cork\src\isct\triangle.c(15873): warning C4244: '=': conversion from '__int64' to 'int', possible loss of data
c:\users\lionel\code\cork\src\isct\triangle.c(15874): warning C4244: '=': conversion from '__int64' to 'int', possible loss of data
c:\users\lionel\code\cork\src\isct\triangle.c(15875): warning C4244: '=': conversion from '__int64' to 'int', possible loss of data
c:\users\lionel\code\cork\src\isct\triangle.c(15928): warning C4244: '=': conversion from '__int64' to 'int', possible loss of data
c:\users\lionel\code\cork\src\isct\triangle.c(15929): warning C4244: '=': conversion from '__int64' to 'int', possible loss of data
     Creating library C:\Users\lionel\Code\cork\win\dllcork\Debug\dllcork.lib and object C:\Users\lionel\Code\cork\win\dllcork\Debug\dllcork.exp
  dllcork.vcxproj -> C:\Users\lionel\Code\cork\win\dllcork\Debug\dllcork.dll
          1 file(s) copied.
