c:\users\lionel\code\cork\win\dllcork\debug\vc140.pdb
c:\users\lionel\code\cork\win\dllcork\debug\vc140.idb
c:\users\lionel\code\cork\win\dllcork\debug\cork.obj
c:\users\lionel\code\cork\win\dllcork\debug\files.obj
c:\users\lionel\code\cork\win\dllcork\debug\ifs.obj
c:\users\lionel\code\cork\win\dllcork\debug\off.obj
c:\users\lionel\code\cork\win\dllcork\debug\empty3d.obj
c:\users\lionel\code\cork\win\dllcork\debug\quantization.obj
c:\users\lionel\code\cork\win\dllcork\debug\oldmain.obj
c:\users\lionel\code\cork\win\dllcork\debug\log.obj
c:\users\lionel\code\cork\win\dllcork\debug\timer.obj
c:\users\lionel\code\cork\win\dllcork\debug\main.obj
c:\users\lionel\code\cork\win\dllcork\debug\triangle.obj
c:\users\lionel\code\cork\win\dllcork\debug\dllcork.lib
c:\users\lionel\code\cork\win\dllcork\debug\dllcork.exp
c:\users\lionel\code\cork\win\dllcork\debug\dllcork.ilk
c:\users\lionel\code\cork\win\dllcork\debug\dllcork.dll
c:\users\lionel\code\cork\win\dllcork\debug\dllcork.pdb
c:\users\lionel\code\cork\win\dllcork\debug\dllcork.tlog\cl.command.1.tlog
c:\users\lionel\code\cork\win\dllcork\debug\dllcork.tlog\cl.read.1.tlog
c:\users\lionel\code\cork\win\dllcork\debug\dllcork.tlog\cl.write.1.tlog
c:\users\lionel\code\cork\win\dllcork\debug\dllcork.tlog\dllcork.write.1u.tlog
c:\users\lionel\code\cork\win\dllcork\debug\dllcork.tlog\link.command.1.tlog
c:\users\lionel\code\cork\win\dllcork\debug\dllcork.tlog\link.read.1.tlog
c:\users\lionel\code\cork\win\dllcork\debug\dllcork.tlog\link.write.1.tlog
