c:\users\lionel\code\cork\win\unitycork\debug\vc140.pdb
c:\users\lionel\code\cork\win\unitycork\debug\vc140.idb
c:\users\lionel\code\cork\win\unitycork\debug\cork.obj
c:\users\lionel\code\cork\win\unitycork\debug\files.obj
c:\users\lionel\code\cork\win\unitycork\debug\ifs.obj
c:\users\lionel\code\cork\win\unitycork\debug\off.obj
c:\users\lionel\code\cork\win\unitycork\debug\empty3d.obj
c:\users\lionel\code\cork\win\unitycork\debug\quantization.obj
c:\users\lionel\code\cork\win\unitycork\debug\main.obj
c:\users\lionel\code\cork\win\unitycork\debug\log.obj
c:\users\lionel\code\cork\win\unitycork\debug\timer.obj
c:\users\lionel\code\cork\win\unitycork\debug\triangle.obj
c:\users\lionel\code\cork\win\unitycork\debug\unitycork.obj
c:\users\lionel\code\cork\win\unitycork\debug\unitycork.ilk
c:\users\lionel\code\cork\win\unitycork\debug\unitycork.dll
c:\users\lionel\code\cork\win\unitycork\debug\unitycork.pdb
c:\users\lionel\code\cork\win\unitycork\debug\unitycork.lib
c:\users\lionel\code\cork\win\unitycork\debug\unitycork.exp
c:\users\lionel\code\cork\win\unitycork\debug\unitycork.tlog\cl.command.1.tlog
c:\users\lionel\code\cork\win\unitycork\debug\unitycork.tlog\cl.read.1.tlog
c:\users\lionel\code\cork\win\unitycork\debug\unitycork.tlog\cl.write.1.tlog
c:\users\lionel\code\cork\win\unitycork\debug\unitycork.tlog\link.command.1.tlog
c:\users\lionel\code\cork\win\unitycork\debug\unitycork.tlog\link.read.1.tlog
c:\users\lionel\code\cork\win\unitycork\debug\unitycork.tlog\link.write.1.tlog
c:\users\lionel\code\cork\win\unitycork\debug\unitycork.tlog\unitycork.write.1u.tlog
